<?xml version="1.0" encoding="UTF-8"?>
<testng-results skipped="0" failed="0" ignored="0" total="1" passed="1">
  <reporter-output>
  </reporter-output>
  <suite name="Surefire suite" duration-ms="83" started-at="2021-06-19T15:44:08 PDT" finished-at="2021-06-19T15:44:08 PDT">
    <groups>
    </groups>
    <test name="Surefire test" duration-ms="83" started-at="2021-06-19T15:44:08 PDT" finished-at="2021-06-19T15:44:08 PDT">
      <class name="ui.CoralHomePageTest">
        <test-method status="PASS" signature="beforeSuite()[pri:0, instance:ui.CoralHomePageTest@131276c2]" name="beforeSuite" is-config="true" duration-ms="6606" started-at="2021-06-19T15:44:01 PDT" finished-at="2021-06-19T15:44:08 PDT">
          <reporter-output>
          </reporter-output>
        </test-method> <!-- beforeSuite -->
        <test-method status="PASS" signature="homepageTests()[pri:0, instance:ui.CoralHomePageTest@131276c2]" name="homepageTests" duration-ms="20" started-at="2021-06-19T15:44:08 PDT" finished-at="2021-06-19T15:44:08 PDT">
          <reporter-output>
          </reporter-output>
        </test-method> <!-- homepageTests -->
        <test-method status="PASS" signature="afterSuite()[pri:0, instance:ui.CoralHomePageTest@131276c2]" name="afterSuite" is-config="true" duration-ms="197" started-at="2021-06-19T15:44:08 PDT" finished-at="2021-06-19T15:44:08 PDT">
          <reporter-output>
          </reporter-output>
        </test-method> <!-- afterSuite -->
      </class> <!-- ui.CoralHomePageTest -->
    </test> <!-- Surefire test -->
  </suite> <!-- Surefire suite -->
</testng-results>
